<?xml version="1.0" encoding="UTF-8"?>
<Site BuildName="Linux-g++-9"
	BuildStamp="20210521-1132-Experimental"
	Name="nicholas-ubuntu"
	Generator="ctest-3.16.3"
	CompilerName="/bin/g++-9"
	CompilerVersion="9.3.0"
	OSName="Linux"
	Hostname="nicholas-ubuntu"
	OSRelease="5.8.0-50-generic"
	OSVersion="#56~20.04.1-Ubuntu SMP Mon Apr 12 21:46:35 UTC 2021"
	OSPlatform="x86_64"
	Is64Bits="1"
	VendorString="GenuineIntel"
	VendorID="Intel Corporation"
	FamilyID="6"
	ModelID="94"
	ProcessorCacheSize="8192"
	NumberOfLogicalCPU="2"
	NumberOfPhysicalCPU="2"
	TotalVirtualMemory="448"
	TotalPhysicalMemory="3935"
	LogicalProcessorsPerPhysical="1"
	ProcessorClockFrequency="3408"
	>
	<Testing>
		<StartDateTime>May 21 13:32 CEST</StartDateTime>
		<StartTestTime>1621596764</StartTestTime>
		<TestList/>
		<EndDateTime>May 21 13:32 CEST</EndDateTime>
		<EndTestTime>1621596764</EndTestTime>
		<ElapsedMinutes>0</ElapsedMinutes>
	</Testing>
</Site>
